<?xml version="1.0" encoding="UTF-8"?>
<!-- Generated by org.testng.reporters.JUnitReportReporter -->
<testsuite hostname="mauricio-Latitude-E6430" failures="0" tests="4" name="ApiExampleProjectTestRunner" time="6.313" errors="0" timestamp="14 Jun 2020 19:06:48 GMT" skipped="0">
  <testcase classname="ApiExampleProjectTestRunner" name="runScenario" time="0.628"/>
  <testcase classname="ApiExampleProjectTestRunner" name="runScenario" time="0.777"/>
  <testcase classname="ApiExampleProjectTestRunner" name="runScenario" time="4.388"/>
  <testcase classname="ApiExampleProjectTestRunner" name="runScenario" time="0.520"/>
</testsuite> <!-- ApiExampleProjectTestRunner -->
